[
  {
    "line": 2,
    "elements": [
      {
        "line": 4,
        "name": "",
        "description": "  User navigates to Facebook",
        "type": "background",
        "keyword": "Background",
        "steps": [
          {
            "result": {
              "duration": 366000,
              "status": "skipped"
            },
            "line": 6,
            "name": "I am on Facebook login page",
            "match": {
              "location": "com.quinbay.cucumber.steps.LoginSteps.goToFacebook()"
            },
            "keyword": "Given "
          }
        ]
      },
      {
        "start_timestamp": "2021-02-24T05:20:19.958Z",
        "before": [
          {
            "result": {
              "error_message": "io.cucumber.core.exception.CucumberException: Failed to instantiate class com.quinbay.cucumber.CucumberHooks\n\tat io.cucumber.core.runtime.ObjectFactoryServiceLoader$DefaultJavaObjectFactory.cacheNewInstance(ObjectFactoryServiceLoader.java:140)\n\tat io.cucumber.core.runtime.ObjectFactoryServiceLoader$DefaultJavaObjectFactory.getInstance(ObjectFactoryServiceLoader.java:124)\n\tat io.cucumber.java.AbstractGlueDefinition.invokeMethod(AbstractGlueDefinition.java:47)\n\tat io.cucumber.java.JavaHookDefinition.execute(JavaHookDefinition.java:59)\n\tat io.cucumber.core.runner.CoreHookDefinition.execute(CoreHookDefinition.java:46)\n\tat io.cucumber.core.runner.HookDefinitionMatch.runStep(HookDefinitionMatch.java:21)\n\tat io.cucumber.core.runner.ExecutionMode$1.execute(ExecutionMode.java:10)\n\tat io.cucumber.core.runner.TestStep.executeStep(TestStep.java:92)\n\tat io.cucumber.core.runner.TestStep.run(TestStep.java:64)\n\tat io.cucumber.core.runner.TestCase.run(TestCase.java:98)\n\tat io.cucumber.core.runner.Runner.runPickle(Runner.java:71)\n\tat io.cucumber.junit.PickleRunners$NoStepDescriptions.run(PickleRunners.java:151)\n\tat io.cucumber.junit.FeatureRunner.runChild(FeatureRunner.java:135)\n\tat io.cucumber.junit.FeatureRunner.runChild(FeatureRunner.java:27)\n\tat org.junit.runners.ParentRunner$4.run(ParentRunner.java:331)\n\tat org.junit.runners.ParentRunner$1.schedule(ParentRunner.java:79)\n\tat org.junit.runners.ParentRunner.runChildren(ParentRunner.java:329)\n\tat org.junit.runners.ParentRunner.access$100(ParentRunner.java:66)\n\tat org.junit.runners.ParentRunner$2.evaluate(ParentRunner.java:293)\n\tat org.junit.runners.ParentRunner$3.evaluate(ParentRunner.java:306)\n\tat org.junit.runners.ParentRunner.run(ParentRunner.java:413)\n\tat io.cucumber.junit.Cucumber.runChild(Cucumber.java:199)\n\tat io.cucumber.junit.Cucumber.runChild(Cucumber.java:90)\n\tat org.junit.runners.ParentRunner$4.run(ParentRunner.java:331)\n\tat org.junit.runners.ParentRunner$1.schedule(ParentRunner.java:79)\n\tat org.junit.runners.ParentRunner.runChildren(ParentRunner.java:329)\n\tat org.junit.runners.ParentRunner.access$100(ParentRunner.java:66)\n\tat org.junit.runners.ParentRunner$2.evaluate(ParentRunner.java:293)\n\tat io.cucumber.junit.Cucumber$RunCucumber.evaluate(Cucumber.java:234)\n\tat org.junit.runners.ParentRunner$3.evaluate(ParentRunner.java:306)\n\tat org.junit.runners.ParentRunner.run(ParentRunner.java:413)\n\tat org.junit.runner.JUnitCore.run(JUnitCore.java:137)\n\tat com.intellij.junit4.JUnit4IdeaTestRunner.startRunnerWithArgs(JUnit4IdeaTestRunner.java:69)\n\tat com.intellij.rt.junit.IdeaTestRunner$Repeater.startRunnerWithArgs(IdeaTestRunner.java:33)\n\tat com.intellij.rt.junit.JUnitStarter.prepareStreamsAndStart(JUnitStarter.java:220)\n\tat com.intellij.rt.junit.JUnitStarter.main(JUnitStarter.java:53)\nCaused by: java.lang.reflect.InvocationTargetException\n\tat java.base/jdk.internal.reflect.NativeConstructorAccessorImpl.newInstance0(Native Method)\n\tat java.base/jdk.internal.reflect.NativeConstructorAccessorImpl.newInstance(NativeConstructorAccessorImpl.java:64)\n\tat java.base/jdk.internal.reflect.DelegatingConstructorAccessorImpl.newInstance(DelegatingConstructorAccessorImpl.java:45)\n\tat java.base/java.lang.reflect.Constructor.newInstanceWithCaller(Constructor.java:500)\n\tat java.base/java.lang.reflect.Constructor.newInstance(Constructor.java:481)\n\tat io.cucumber.core.runtime.ObjectFactoryServiceLoader$DefaultJavaObjectFactory.cacheNewInstance(ObjectFactoryServiceLoader.java:132)\n\t... 35 more\nCaused by: java.lang.IllegalStateException: The path to the driver executable must be set by the webdriver.chrome.driver system property; for more information, see https://github.com/SeleniumHQ/selenium/wiki/ChromeDriver. The latest version can be downloaded from http://chromedriver.storage.googleapis.com/index.html\n\tat com.google.common.base.Preconditions.checkState(Preconditions.java:847)\n\tat org.openqa.selenium.remote.service.DriverService.findExecutable(DriverService.java:134)\n\tat org.openqa.selenium.chrome.ChromeDriverService.access$000(ChromeDriverService.java:35)\n\tat org.openqa.selenium.chrome.ChromeDriverService$Builder.findDefaultExecutable(ChromeDriverService.java:159)\n\tat org.openqa.selenium.remote.service.DriverService$Builder.build(DriverService.java:355)\n\tat org.openqa.selenium.chrome.ChromeDriverService.createDefaultService(ChromeDriverService.java:94)\n\tat org.openqa.selenium.chrome.ChromeDriver.\u003cinit\u003e(ChromeDriver.java:123)\n\tat com.quinbay.cucumber.CucumberHooks.\u003cinit\u003e(CucumberHooks.java:14)\n\t... 41 more\n",
              "duration": 28186000,
              "status": "failed"
            },
            "match": {
              "location": "com.quinbay.cucumber.CucumberHooks.testBefore()"
            }
          }
        ],
        "line": 9,
        "name": "Verify login fails with incorrect credentials",
        "description": "",
        "id": "loginfeature;verify-login-fails-with-incorrect-credentials",
        "after": [
          {
            "result": {
              "error_message": "io.cucumber.core.exception.CucumberException: Failed to instantiate class com.quinbay.cucumber.CucumberHooks\n\tat io.cucumber.core.runtime.ObjectFactoryServiceLoader$DefaultJavaObjectFactory.cacheNewInstance(ObjectFactoryServiceLoader.java:140)\n\tat io.cucumber.core.runtime.ObjectFactoryServiceLoader$DefaultJavaObjectFactory.getInstance(ObjectFactoryServiceLoader.java:124)\n\tat io.cucumber.java.AbstractGlueDefinition.invokeMethod(AbstractGlueDefinition.java:47)\n\tat io.cucumber.java.JavaHookDefinition.execute(JavaHookDefinition.java:59)\n\tat io.cucumber.core.runner.CoreHookDefinition.execute(CoreHookDefinition.java:46)\n\tat io.cucumber.core.runner.HookDefinitionMatch.runStep(HookDefinitionMatch.java:21)\n\tat io.cucumber.core.runner.ExecutionMode$1.execute(ExecutionMode.java:10)\n\tat io.cucumber.core.runner.TestStep.executeStep(TestStep.java:92)\n\tat io.cucumber.core.runner.TestStep.run(TestStep.java:64)\n\tat io.cucumber.core.runner.TestCase.run(TestCase.java:110)\n\tat io.cucumber.core.runner.Runner.runPickle(Runner.java:71)\n\tat io.cucumber.junit.PickleRunners$NoStepDescriptions.run(PickleRunners.java:151)\n\tat io.cucumber.junit.FeatureRunner.runChild(FeatureRunner.java:135)\n\tat io.cucumber.junit.FeatureRunner.runChild(FeatureRunner.java:27)\n\tat org.junit.runners.ParentRunner$4.run(ParentRunner.java:331)\n\tat org.junit.runners.ParentRunner$1.schedule(ParentRunner.java:79)\n\tat org.junit.runners.ParentRunner.runChildren(ParentRunner.java:329)\n\tat org.junit.runners.ParentRunner.access$100(ParentRunner.java:66)\n\tat org.junit.runners.ParentRunner$2.evaluate(ParentRunner.java:293)\n\tat org.junit.runners.ParentRunner$3.evaluate(ParentRunner.java:306)\n\tat org.junit.runners.ParentRunner.run(ParentRunner.java:413)\n\tat io.cucumber.junit.Cucumber.runChild(Cucumber.java:199)\n\tat io.cucumber.junit.Cucumber.runChild(Cucumber.java:90)\n\tat org.junit.runners.ParentRunner$4.run(ParentRunner.java:331)\n\tat org.junit.runners.ParentRunner$1.schedule(ParentRunner.java:79)\n\tat org.junit.runners.ParentRunner.runChildren(ParentRunner.java:329)\n\tat org.junit.runners.ParentRunner.access$100(ParentRunner.java:66)\n\tat org.junit.runners.ParentRunner$2.evaluate(ParentRunner.java:293)\n\tat io.cucumber.junit.Cucumber$RunCucumber.evaluate(Cucumber.java:234)\n\tat org.junit.runners.ParentRunner$3.evaluate(ParentRunner.java:306)\n\tat org.junit.runners.ParentRunner.run(ParentRunner.java:413)\n\tat org.junit.runner.JUnitCore.run(JUnitCore.java:137)\n\tat com.intellij.junit4.JUnit4IdeaTestRunner.startRunnerWithArgs(JUnit4IdeaTestRunner.java:69)\n\tat com.intellij.rt.junit.IdeaTestRunner$Repeater.startRunnerWithArgs(IdeaTestRunner.java:33)\n\tat com.intellij.rt.junit.JUnitStarter.prepareStreamsAndStart(JUnitStarter.java:220)\n\tat com.intellij.rt.junit.JUnitStarter.main(JUnitStarter.java:53)\nCaused by: java.lang.reflect.InvocationTargetException\n\tat java.base/jdk.internal.reflect.NativeConstructorAccessorImpl.newInstance0(Native Method)\n\tat java.base/jdk.internal.reflect.NativeConstructorAccessorImpl.newInstance(NativeConstructorAccessorImpl.java:64)\n\tat java.base/jdk.internal.reflect.DelegatingConstructorAccessorImpl.newInstance(DelegatingConstructorAccessorImpl.java:45)\n\tat java.base/java.lang.reflect.Constructor.newInstanceWithCaller(Constructor.java:500)\n\tat java.base/java.lang.reflect.Constructor.newInstance(Constructor.java:481)\n\tat io.cucumber.core.runtime.ObjectFactoryServiceLoader$DefaultJavaObjectFactory.cacheNewInstance(ObjectFactoryServiceLoader.java:132)\n\t... 35 more\nCaused by: java.lang.IllegalStateException: The path to the driver executable must be set by the webdriver.chrome.driver system property; for more information, see https://github.com/SeleniumHQ/selenium/wiki/ChromeDriver. The latest version can be downloaded from http://chromedriver.storage.googleapis.com/index.html\n\tat com.google.common.base.Preconditions.checkState(Preconditions.java:847)\n\tat org.openqa.selenium.remote.service.DriverService.findExecutable(DriverService.java:134)\n\tat org.openqa.selenium.chrome.ChromeDriverService.access$000(ChromeDriverService.java:35)\n\tat org.openqa.selenium.chrome.ChromeDriverService$Builder.findDefaultExecutable(ChromeDriverService.java:159)\n\tat org.openqa.selenium.remote.service.DriverService$Builder.build(DriverService.java:355)\n\tat org.openqa.selenium.chrome.ChromeDriverService.createDefaultService(ChromeDriverService.java:94)\n\tat org.openqa.selenium.chrome.ChromeDriver.\u003cinit\u003e(ChromeDriver.java:123)\n\tat com.quinbay.cucumber.CucumberHooks.\u003cinit\u003e(CucumberHooks.java:14)\n\t... 41 more\n",
              "duration": 924000,
              "status": "failed"
            },
            "match": {
              "location": "com.quinbay.cucumber.CucumberHooks.testAfter()"
            }
          }
        ],
        "type": "scenario",
        "keyword": "Scenario",
        "steps": [
          {
            "result": {
              "duration": 152000,
              "status": "skipped"
            },
            "line": 10,
            "name": "I enter username as \"TOM@gmail.com\"",
            "match": {
              "arguments": [
                {
                  "val": "TOM@gmail.com",
                  "offset": 21
                }
              ],
              "location": "com.quinbay.cucumber.steps.LoginSteps.enterUserName(java.lang.String)"
            },
            "keyword": "When "
          },
          {
            "result": {
              "duration": 217000,
              "status": "skipped"
            },
            "line": 11,
            "name": "I enter password as \"JERRY\"",
            "match": {
              "arguments": [
                {
                  "val": "JERRY",
                  "offset": 21
                }
              ],
              "location": "com.quinbay.cucumber.steps.LoginSteps.iEnterPasswordAs(java.lang.String)"
            },
            "keyword": "And "
          },
          {
            "result": {
              "duration": 123000,
              "status": "skipped"
            },
            "line": 12,
            "name": "Login should fail",
            "match": {
              "location": "com.quinbay.cucumber.steps.LoginSteps.loginShouldFail()"
            },
            "keyword": "Then "
          },
          {
            "result": {
              "duration": 177000,
              "status": "skipped"
            },
            "line": 13,
            "name": "this is a test",
            "match": {
              "location": "com.quinbay.cucumber.steps.LoginSteps.m2()"
            },
            "keyword": "And "
          }
        ],
        "tags": [
          {
            "name": "@LoginFeature"
          },
          {
            "name": "@Sanity"
          },
          {
            "name": "@Test1"
          }
        ]
      }
    ],
    "name": "LoginFeature",
    "description": "",
    "id": "loginfeature",
    "keyword": "Feature",
    "uri": "file:src/test/resources/features/Login.feature",
    "tags": [
      {
        "name": "@LoginFeature",
        "type": "Tag",
        "location": {
          "line": 1,
          "column": 1
        }
      },
      {
        "name": "@Sanity",
        "type": "Tag",
        "location": {
          "line": 1,
          "column": 15
        }
      }
    ]
  }
]